build/app/outputs/mapping/release/seeds.txt
com.example.untitled1.MainActivity
com.example.untitled1.MainActivity: MainActivity()
...
com.google.android.gms.internal.mlkit_vision_digital_ink.zzbot: boolean zzk
com.google.android.gms.internal.mlkit_vision_internal_vkp.zzbek: java.lang.String zzl
com.google.android.libraries.vision.visionkit.pipeline.zbcq: boolean zbe
com.google.android.gms.internal.mlkit_vision_digital_ink.zzbrn: java.lang.Thread zzb
com.google.android.gms.internal.mlkit_entity_extraction.zzamf: int zzg
com.google.android.gms.internal.mlkit_vision_barcode_bundled.zzf: com.google.android.gms.internal.mlkit_vision_barcode_bundled.zzel zzg
com.google.android.gms.internal.mlkit_vision_text_bundled_common.zbagi: com.google.android.gms.internal.mlkit_vision_text_bundled_common.zbafn zbf
com.google.android.gms.internal.mlkit_vision_barcode_bundled.zzht: com.google.android.gms.internal.mlkit_vision_barcode_bundled.zzht zza
com.google.android.gms.internal.mlkit_vision_text_bundled_common.zbfa: com.google.android.gms.internal.mlkit_vision_text_bundled_common.zbfa zbb
com.google.android.gms.internal.mlkit_vision_digital_ink.zzavp: com.google.android.gms.internal.mlkit_vision_digital_ink.zzavo zzg
com.google.android.gms.internal.mlkit_vision_internal_vkp.zzbip: java.lang.String zzf
com.google.android.gms.internal.mlkit_vision_digital_ink.zzcal: com.google.android.gms.internal.mlkit_vision_digital_ink.zzbwc zze
com.google.android.gms.internal.mlkit_vision_text_bundled_common.zbaek: com.google.android.gms.internal.mlkit_vision_text_bundled_common.zbut zbd
com.google.android.libraries.vision.visionkit.pipeline.zzdy: float zzk
com.google.android.gms.internal.mlkit_vision_digital_ink.zzbcy: com.google.android.gms.internal.mlkit_vision_digital_ink.zzbwc zze
com.google.android.gms.internal.mlkit_entity_extraction.zzbkz: boolean zzj
com.google.android.gms.internal.mlkit_vision_mediapipe.zzed: java.lang.String zzj
com.google.android.gms.internal.mlkit_vision_text_bundled_common.zbzl: int zbd
com.google.android.gms.internal.mlkit_entity_extraction.zzdg: java.lang.String zzj
com.google.android.gms.internal.mlkit_vision_internal_vkp.zzgn: int zzg
com.google.android.libraries.vision.visionkit.pipeline.zbfa: boolean zbf
com.google.android.gms.internal.mlkit_vision_text_bundled_common.zbdn: int zbe
com.google.android.gms.internal.mlkit_entity_extraction.zzbb: java.lang.String zzi
com.google.android.libraries.vision.visionkit.pipeline.zbcx: long zbg
com.google.android.gms.internal.mlkit_vision_internal_vkp.zzame: boolean zzm
com.google.android.gms.internal.mlkit_vision_internal_vkp.zzbg: com.google.android.gms.internal.mlkit_vision_internal_vkp.zzjr zzi
com.google.android.gms.internal.mlkit_vision_mediapipe.zzgm: int zze
com.google.android.libraries.vision.visionkit.pipeline.zbj: com.google.android.libraries.vision.visionkit.pipeline.zbem zbe
com.google.android.gms.internal.mlkit_vision_text_bundled_common.zbmp: int zbd
com.google.android.libraries.vision.visionkit.pipeline.zbcx: com.google.android.gms.internal.mlkit_vision_text_bundled_common.zbjq zbC
com.google.android.gms.internal.mlkit_vision_digital_ink.zzavh: com.google.android.gms.internal.mlkit_vision_digital_ink.zzavg zzg
com.google.android.gms.internal.mlkit_vision_internal_vkp.zzbdk: com.google.android.gms.internal.mlkit_vision_internal_vkp.zzbdn zzq
com.google.android.gms.internal.mlkit_acceleration.zzal: com.google.android.gms.internal.mlkit_acceleration.zzal$zzd listeners
com.google.android.gms.internal.mlkit_entity_extraction.zzcw: com.google.android.gms.internal.mlkit_entity_extraction.zzbho zzf
androidx.window.embedding.ExtensionEmbeddingBackend: androidx.window.embedding.ExtensionEmbeddingBackend$Companion Companion
com.google.android.gms.internal.mlkit_vision_internal_vkp.zzazd: byte zzm
com.google.android.libraries.vision.visionkit.pipeline.zbce: com.google.android.libraries.vision.visionkit.pipeline.zbce zbb
com.google.android.gms.internal.mlkit_vision_text_bundled_common.zbrt: com.google.android.gms.internal.mlkit_vision_text_bundled_common.zbup zbt